TN:
SF:src\constants.js
FNF:0
FNH:0
DA:1,1
DA:2,1
DA:3,1
DA:4,1
DA:5,1
DA:6,1
DA:7,1
DA:8,1
DA:9,1
DA:10,1
DA:11,1
DA:12,1
DA:13,1
DA:14,1
DA:15,1
DA:16,1
DA:17,1
DA:18,1
DA:19,1
DA:20,1
DA:21,1
DA:22,1
DA:23,1
DA:24,1
DA:25,1
DA:26,1
LF:26
LH:26
BRF:0
BRH:0
end_of_record
TN:
SF:src\utils.js
FN:1,throttle
FN:14,shouldNavShow
FN:24,requestExecuter
FN:38,Canvas
FN:56,resize
FN:64,animate
FN:71,cleanup
FN:81,Point
FN:91,update
FN:98,Wave
FN:105,resize
FN:116,init
FN:131,draw
FN:162,WaveLine
FN:182,resize
FN:188,draw
FNF:16
FNH:15
FNDA:22,throttle
FNDA:43,shouldNavShow
FNDA:0,requestExecuter
FNDA:6,Canvas
FNDA:6,resize
FNDA:219,animate
FNDA:6,cleanup
FNDA:180,Point
FNDA:1175,update
FNDA:30,Wave
FNDA:30,resize
FNDA:30,init
FNDA:235,draw
FNDA:6,WaveLine
FNDA:6,resize
FNDA:47,draw
DA:1,1
DA:2,22
DA:3,22
DA:4,22
DA:5,22
DA:6,22
DA:7,22
DA:8,22
DA:9,22
DA:10,22
DA:11,22
DA:12,22
DA:13,1
DA:14,1
DA:15,43
DA:16,43
DA:17,43
DA:18,0
DA:19,0
DA:20,43
DA:21,43
DA:22,43
DA:23,1
DA:24,1
DA:25,0
DA:26,0
DA:27,0
DA:28,0
DA:29,0
DA:30,0
DA:31,0
DA:32,0
DA:33,0
DA:34,0
DA:35,0
DA:36,1
DA:37,1
DA:38,1
DA:39,6
DA:40,6
DA:41,6
DA:42,6
DA:43,6
DA:44,6
DA:45,6
DA:46,6
DA:47,6
DA:48,6
DA:49,6
DA:50,6
DA:51,6
DA:52,6
DA:53,6
DA:54,6
DA:55,1
DA:56,1
DA:57,6
DA:58,6
DA:59,6
DA:60,6
DA:61,6
DA:62,6
DA:63,6
DA:64,1
DA:65,219
DA:66,219
DA:67,47
DA:68,47
DA:69,219
DA:70,219
DA:71,1
DA:72,6
DA:73,6
DA:74,6
DA:75,6
DA:76,6
DA:77,6
DA:78,1
DA:79,1
DA:80,1
DA:81,1
DA:82,180
DA:83,180
DA:84,180
DA:85,180
DA:86,180
DA:87,180
DA:88,180
DA:89,180
DA:90,1
DA:91,1
DA:92,1175
DA:93,1175
DA:94,1175
DA:95,1
DA:96,1
DA:97,1
DA:98,1
DA:99,30
DA:100,30
DA:101,30
DA:102,30
DA:103,30
DA:104,1
DA:105,1
DA:106,30
DA:107,30
DA:108,30
DA:109,30
DA:110,30
DA:111,30
DA:112,30
DA:113,30
DA:114,30
DA:115,30
DA:116,1
DA:117,30
DA:118,30
DA:119,30
DA:120,180
DA:121,180
DA:122,180
DA:123,180
DA:124,180
DA:125,180
DA:126,180
DA:127,180
DA:128,180
DA:129,30
DA:130,1
DA:131,1
DA:132,235
DA:133,235
DA:134,235
DA:135,235
DA:136,235
DA:137,235
DA:138,235
DA:139,235
DA:140,235
DA:141,1175
DA:142,1175
DA:143,1175
DA:144,1175
DA:145,1175
DA:146,1175
DA:147,1175
DA:148,1175
DA:149,1175
DA:150,1175
DA:151,235
DA:152,235
DA:153,235
DA:154,235
DA:155,235
DA:156,235
DA:157,235
DA:158,235
DA:159,1
DA:160,1
DA:161,1
DA:162,1
DA:163,6
DA:164,6
DA:165,6
DA:166,6
DA:167,6
DA:168,6
DA:169,6
DA:170,6
DA:171,6
DA:172,6
DA:173,6
DA:174,6
DA:175,6
DA:176,6
DA:177,30
DA:178,30
DA:179,30
DA:180,6
DA:181,1
DA:182,1
DA:183,6
DA:184,30
DA:185,30
DA:186,30
DA:187,6
DA:188,1
DA:189,47
DA:190,235
DA:191,235
DA:192,235
DA:193,47
DA:194,1
LF:194
LH:181
BRDA:1,0,0,22
BRDA:3,1,0,22
BRDA:14,2,0,43
BRDA:17,3,0,0
BRDA:17,4,0,0
BRDA:38,5,0,6
BRDA:56,6,0,6
BRDA:64,7,0,219
BRDA:66,8,0,47
BRDA:71,9,0,6
BRDA:81,10,0,180
BRDA:91,11,0,1175
BRDA:98,12,0,30
BRDA:105,13,0,30
BRDA:116,14,0,30
BRDA:119,15,0,180
BRDA:124,16,0,60
BRDA:125,17,0,120
BRDA:131,18,0,235
BRDA:140,19,0,1175
BRDA:162,20,0,6
BRDA:176,21,0,30
BRDA:182,22,0,6
BRDA:183,23,0,30
BRDA:188,24,0,47
BRDA:189,25,0,235
BRF:26
BRH:24
end_of_record
TN:
SF:src\components\AuthAlert.jsx
FN:5,AuthAlert
FNF:1
FNH:0
FNDA:0,AuthAlert
DA:1,1
DA:2,1
DA:3,1
DA:4,1
DA:5,1
DA:6,0
DA:7,0
DA:8,0
DA:9,0
DA:10,0
DA:11,0
DA:12,0
DA:13,0
DA:14,0
DA:15,0
DA:16,0
DA:17,0
DA:18,0
DA:19,0
DA:20,0
DA:21,0
DA:22,0
DA:23,0
DA:24,0
DA:25,0
DA:26,0
DA:27,0
DA:28,0
DA:29,0
DA:30,0
DA:31,0
DA:32,0
DA:33,0
DA:34,0
DA:35,0
DA:36,0
DA:37,0
DA:38,1
DA:39,1
LF:39
LH:7
BRF:0
BRH:0
end_of_record
TN:
SF:src\components\BurgerMenu.jsx
FN:4,BurgerMenu
FNF:1
FNH:1
FNDA:22,BurgerMenu
DA:1,1
DA:2,1
DA:3,1
DA:4,1
DA:5,22
DA:6,22
DA:7,22
DA:8,22
DA:9,22
DA:10,22
DA:11,22
DA:12,22
DA:13,22
DA:14,22
DA:15,22
DA:16,22
DA:17,22
DA:18,22
DA:19,22
DA:20,22
DA:21,22
DA:22,22
DA:23,22
DA:24,22
DA:25,22
DA:26,22
DA:27,2
DA:28,2
DA:29,2
DA:30,2
DA:31,2
DA:32,2
DA:33,2
DA:34,2
DA:35,2
DA:36,2
DA:37,2
DA:38,2
DA:39,2
DA:40,2
DA:41,2
DA:42,2
DA:43,2
DA:44,2
DA:45,20
DA:46,20
DA:47,20
DA:48,20
DA:49,20
DA:50,20
DA:51,22
DA:52,22
DA:53,22
DA:54,22
DA:55,1
DA:56,1
LF:56
LH:56
BRDA:4,0,0,22
BRDA:26,1,0,2
BRDA:44,2,0,20
BRF:3
BRH:3
end_of_record
TN:
SF:src\components\Buttons.jsx
FN:5,Buttons
FN:7,handleLogout
FNF:2
FNH:1
FNDA:37,Buttons
FNDA:0,handleLogout
DA:1,1
DA:2,1
DA:3,1
DA:4,1
DA:5,1
DA:6,37
DA:7,37
DA:8,0
DA:9,0
DA:10,0
DA:11,37
DA:12,37
DA:13,16
DA:14,16
DA:15,16
DA:16,16
DA:17,16
DA:18,16
DA:19,37
DA:20,37
DA:21,5
DA:22,5
DA:23,5
DA:24,5
DA:25,5
DA:26,5
DA:27,5
DA:28,5
DA:29,5
DA:30,5
DA:31,5
DA:32,5
DA:33,5
DA:34,37
DA:35,37
DA:36,16
DA:37,16
DA:38,16
DA:39,16
DA:40,16
DA:41,16
DA:42,16
DA:43,16
DA:44,16
DA:45,16
DA:46,16
DA:47,16
DA:48,16
DA:49,16
DA:50,37
DA:51,37
DA:52,37
DA:53,1
DA:54,1
LF:54
LH:51
BRDA:5,0,0,37
BRDA:12,1,0,16
BRDA:20,2,0,5
BRDA:35,3,0,16
BRF:4
BRH:4
end_of_record
TN:
SF:src\components\Layout.jsx
FN:5,Layout
FNF:1
FNH:1
FNDA:22,Layout
DA:1,1
DA:2,1
DA:3,1
DA:4,1
DA:5,1
DA:6,22
DA:7,22
DA:8,22
DA:9,22
DA:10,22
DA:11,22
DA:12,22
DA:13,22
DA:14,22
DA:15,1
DA:16,1
LF:16
LH:16
BRDA:5,0,0,22
BRF:1
BRH:1
end_of_record
TN:
SF:src\components\Logo.jsx
FN:5,Logo
FNF:1
FNH:1
FNDA:41,Logo
DA:1,1
DA:2,1
DA:3,1
DA:4,1
DA:5,1
DA:6,41
DA:7,41
DA:8,41
DA:9,41
DA:10,41
DA:11,41
DA:12,41
DA:13,1
DA:14,1
LF:14
LH:14
BRDA:5,0,0,41
BRF:1
BRH:1
end_of_record
TN:
SF:src\components\MainCard.jsx
FN:6,MainCard
FNF:1
FNH:1
FNDA:55,MainCard
DA:1,1
DA:2,1
DA:3,1
DA:4,1
DA:5,1
DA:6,1
DA:7,55
DA:8,55
DA:9,55
DA:10,55
DA:11,55
DA:12,55
DA:13,55
DA:14,55
DA:15,55
DA:16,55
DA:17,55
DA:18,55
DA:19,55
DA:20,55
DA:21,55
DA:22,55
DA:23,55
DA:24,55
DA:25,55
DA:26,55
DA:27,55
DA:28,55
DA:29,55
DA:30,55
DA:31,55
DA:32,55
DA:33,55
DA:34,55
DA:35,55
DA:36,55
DA:37,55
DA:38,55
DA:39,55
DA:40,55
DA:41,55
DA:42,55
DA:43,55
DA:44,39
DA:45,39
DA:46,39
DA:47,39
DA:48,39
DA:49,39
DA:50,39
DA:51,39
DA:52,39
DA:53,39
DA:54,39
DA:55,39
DA:56,39
DA:57,39
DA:58,39
DA:59,39
DA:60,39
DA:61,39
DA:62,55
DA:63,55
DA:64,16
DA:65,16
DA:66,16
DA:67,16
DA:68,16
DA:69,16
DA:70,16
DA:71,16
DA:72,16
DA:73,16
DA:74,16
DA:75,16
DA:76,16
DA:77,16
DA:78,16
DA:79,16
DA:80,16
DA:81,16
DA:82,16
DA:83,16
DA:84,16
DA:85,16
DA:86,16
DA:87,16
DA:88,16
DA:89,16
DA:90,16
DA:91,16
DA:92,16
DA:93,16
DA:94,55
DA:95,55
DA:96,55
DA:97,55
DA:98,55
DA:99,1
DA:100,1
LF:100
LH:100
BRDA:6,0,0,55
BRDA:24,1,0,16
BRDA:24,2,0,39
BRDA:28,3,0,16
BRDA:28,4,0,39
BRDA:38,5,0,16
BRDA:38,6,0,39
BRDA:43,7,0,39
BRDA:46,8,0,0
BRDA:63,9,0,16
BRF:10
BRH:9
end_of_record
TN:
SF:src\components\MenuItem.jsx
FN:4,MenuItem
FN:9,className
FNF:2
FNH:2
FNDA:47,MenuItem
FNDA:69,className
DA:1,1
DA:2,1
DA:3,1
DA:4,1
DA:5,47
DA:6,47
DA:7,47
DA:8,47
DA:9,47
DA:10,69
DA:11,47
DA:12,47
DA:13,47
DA:14,47
DA:15,47
DA:16,47
DA:17,47
DA:18,47
DA:19,47
DA:20,1
DA:21,1
LF:21
LH:21
BRDA:4,0,0,47
BRDA:9,1,0,69
BRDA:10,2,0,2
BRDA:10,3,0,67
BRDA:10,4,0,19
BRDA:10,5,0,48
BRF:6
BRH:6
end_of_record
TN:
SF:src\components\MenuList.jsx
FN:7,MenuList
FNF:1
FNH:1
FNDA:41,MenuList
DA:1,1
DA:2,1
DA:3,1
DA:4,1
DA:5,1
DA:6,1
DA:7,1
DA:8,41
DA:9,41
DA:10,41
DA:11,41
DA:12,19
DA:13,19
DA:14,19
DA:15,19
DA:16,19
DA:17,22
DA:18,22
DA:19,22
DA:20,22
DA:21,22
DA:22,41
DA:23,41
DA:24,41
DA:25,41
DA:26,1
DA:27,1
LF:27
LH:27
BRDA:7,0,0,41
BRDA:11,1,0,19
BRDA:15,2,0,3
BRDA:16,3,0,22
BRF:4
BRH:4
end_of_record
TN:
SF:src\components\NavModal.jsx
FN:7,NavModal
FNF:1
FNH:1
FNDA:2,NavModal
DA:1,1
DA:2,1
DA:3,1
DA:4,1
DA:5,1
DA:6,1
DA:7,1
DA:8,2
DA:9,2
DA:10,2
DA:11,2
DA:12,2
DA:13,2
DA:14,2
DA:15,2
DA:16,2
DA:17,2
DA:18,2
DA:19,2
DA:20,2
DA:21,2
DA:22,2
DA:23,2
DA:24,2
DA:25,2
DA:26,2
DA:27,2
DA:28,2
DA:29,2
DA:30,2
DA:31,2
DA:32,2
DA:33,2
DA:34,2
DA:35,2
DA:36,2
DA:37,2
DA:38,2
DA:39,2
DA:40,2
DA:41,2
DA:42,2
DA:43,2
DA:44,2
DA:45,2
DA:46,0
DA:47,0
DA:48,0
DA:49,0
DA:50,0
DA:51,2
DA:52,2
DA:53,2
DA:54,2
DA:55,2
DA:56,2
DA:57,2
DA:58,1
DA:59,1
LF:59
LH:54
BRDA:7,0,0,2
BRDA:22,1,0,0
BRDA:45,2,0,0
BRF:3
BRH:1
end_of_record
TN:
SF:src\components\Navbar.jsx
FN:15,Navbar
FN:23,handleMenuClick
FNF:2
FNH:2
FNDA:43,Navbar
FNDA:3,handleMenuClick
DA:1,1
DA:2,1
DA:3,1
DA:4,1
DA:5,1
DA:6,1
DA:7,1
DA:8,1
DA:9,1
DA:10,1
DA:11,1
DA:12,1
DA:13,1
DA:14,1
DA:15,1
DA:16,43
DA:17,43
DA:18,43
DA:19,43
DA:20,43
DA:21,43
DA:22,43
DA:23,43
DA:24,3
DA:25,3
DA:26,43
DA:27,43
DA:28,43
DA:29,43
DA:30,43
DA:31,43
DA:32,43
DA:33,43
DA:34,43
DA:35,43
DA:36,43
DA:37,43
DA:38,43
DA:39,43
DA:40,43
DA:41,43
DA:42,43
DA:43,43
DA:44,43
DA:45,43
DA:46,43
DA:47,43
DA:48,43
DA:49,43
DA:50,19
DA:51,19
DA:52,3
DA:53,16
DA:54,16
DA:55,16
DA:56,16
DA:57,16
DA:58,19
DA:59,19
DA:60,24
DA:61,24
DA:62,24
DA:63,4
DA:64,4
DA:65,4
DA:66,4
DA:67,24
DA:68,24
DA:69,43
DA:70,43
DA:71,43
DA:72,43
DA:73,1
DA:74,1
LF:74
LH:74
BRDA:15,0,0,43
BRDA:49,1,0,19
BRDA:51,2,0,3
BRDA:52,3,0,16
BRDA:59,4,0,24
BRDA:62,5,0,4
BRDA:23,6,0,3
BRF:7
BRH:7
end_of_record
TN:
SF:src\components\Login\LoginForm.jsx
FN:19,LoginForm
FN:23,handleLogin
FN:45,children
FNF:3
FNH:3
FNDA:11,LoginForm
FNDA:2,handleLogin
FNDA:125,children
DA:1,1
DA:2,1
DA:3,1
DA:4,1
DA:5,1
DA:6,1
DA:7,1
DA:8,1
DA:9,1
DA:10,1
DA:11,1
DA:12,1
DA:13,1
DA:14,1
DA:15,1
DA:16,1
DA:17,1
DA:18,1
DA:19,1
DA:20,11
DA:21,11
DA:22,11
DA:23,11
DA:24,2
DA:25,2
DA:26,2
DA:27,2
DA:28,2
DA:29,1
DA:30,1
DA:31,1
DA:32,1
DA:33,2
DA:34,2
DA:35,2
DA:36,0
DA:37,0
DA:38,2
DA:39,11
DA:40,11
DA:41,11
DA:42,11
DA:43,11
DA:44,11
DA:45,11
DA:46,125
DA:47,125
DA:48,125
DA:49,125
DA:50,125
DA:51,125
DA:52,125
DA:53,125
DA:54,125
DA:55,125
DA:56,125
DA:57,125
DA:58,125
DA:59,125
DA:60,125
DA:61,125
DA:62,125
DA:63,125
DA:64,125
DA:65,125
DA:66,125
DA:67,125
DA:68,125
DA:69,125
DA:70,125
DA:71,125
DA:72,125
DA:73,125
DA:74,125
DA:75,125
DA:76,125
DA:77,125
DA:78,125
DA:79,125
DA:80,125
DA:81,125
DA:82,125
DA:83,125
DA:84,125
DA:85,4
DA:86,121
DA:87,125
DA:88,125
DA:89,125
DA:90,125
DA:91,125
DA:92,125
DA:93,125
DA:94,125
DA:95,125
DA:96,125
DA:97,125
DA:98,125
DA:99,125
DA:100,125
DA:101,125
DA:102,125
DA:103,125
DA:104,125
DA:105,125
DA:106,125
DA:107,125
DA:108,125
DA:109,125
DA:110,125
DA:111,125
DA:112,125
DA:113,125
DA:114,125
DA:115,125
DA:116,125
DA:117,125
DA:118,125
DA:119,125
DA:120,91
DA:121,34
DA:122,125
DA:123,125
DA:124,125
DA:125,125
DA:126,125
DA:127,125
DA:128,11
DA:129,11
DA:130,11
DA:131,11
DA:132,1
DA:133,1
LF:133
LH:131
BRDA:19,0,0,11
BRDA:23,1,0,2
BRDA:28,2,0,1
BRDA:35,3,0,0
BRDA:45,4,0,125
BRDA:60,5,0,47
BRDA:60,6,0,6
BRDA:60,7,0,119
BRDA:84,8,0,77
BRDA:84,9,0,4
BRDA:85,10,0,121
BRDA:111,11,0,115
BRDA:111,12,0,70
BRDA:119,13,0,108
BRDA:119,14,0,91
BRDA:120,15,0,34
BRF:16
BRH:15
end_of_record
TN:
SF:src\components\Login\LoginModal.jsx
FN:10,LoginModal
FNF:1
FNH:1
FNDA:6,LoginModal
DA:1,1
DA:2,1
DA:3,1
DA:4,1
DA:5,1
DA:6,1
DA:7,1
DA:8,1
DA:9,1
DA:10,1
DA:11,6
DA:12,6
DA:13,6
DA:14,6
DA:15,6
DA:16,6
DA:17,0
DA:18,0
DA:19,0
DA:20,0
DA:21,0
DA:22,0
DA:23,6
DA:24,6
DA:25,6
DA:26,6
DA:27,6
DA:28,6
DA:29,6
DA:30,6
DA:31,6
DA:32,6
DA:33,6
DA:34,6
DA:35,6
DA:36,6
DA:37,6
DA:38,6
DA:39,6
DA:40,6
DA:41,6
DA:42,6
DA:43,6
DA:44,6
DA:45,6
DA:46,6
DA:47,6
DA:48,6
DA:49,6
DA:50,6
DA:51,6
DA:52,6
DA:53,6
DA:54,6
DA:55,6
DA:56,6
DA:57,6
DA:58,6
DA:59,6
DA:60,6
DA:61,6
DA:62,6
DA:63,6
DA:64,6
DA:65,6
DA:66,6
DA:67,6
DA:68,6
DA:69,6
DA:70,6
DA:71,6
DA:72,6
DA:73,6
DA:74,6
DA:75,6
DA:76,6
DA:77,6
DA:78,6
DA:79,6
DA:80,6
DA:81,6
DA:82,6
DA:83,6
DA:84,6
DA:85,6
DA:86,6
DA:87,6
DA:88,6
DA:89,6
DA:90,6
DA:91,6
DA:92,6
DA:93,6
DA:94,6
DA:95,6
DA:96,6
DA:97,6
DA:98,6
DA:99,6
DA:100,6
DA:101,1
DA:102,1
LF:102
LH:96
BRDA:10,0,0,6
BRDA:82,1,0,0
BRDA:14,2,0,6
BRDA:16,3,0,0
BRDA:23,4,0,6
BRF:5
BRH:3
end_of_record
TN:
SF:src\components\Specialists\DoctorList.jsx
FN:7,DoctorList
FNF:1
FNH:1
FNDA:6,DoctorList
DA:1,1
DA:2,1
DA:3,1
DA:4,1
DA:5,1
DA:6,1
DA:7,1
DA:8,6
DA:9,6
DA:10,6
DA:11,6
DA:12,0
DA:13,0
DA:14,0
DA:15,0
DA:16,0
DA:17,0
DA:18,0
DA:19,0
DA:20,6
DA:21,6
DA:22,6
DA:23,6
DA:24,6
DA:25,6
DA:26,6
DA:27,6
DA:28,6
DA:29,6
DA:30,6
DA:31,6
DA:32,6
DA:33,6
DA:34,16
DA:35,16
DA:36,16
DA:37,16
DA:38,16
DA:39,16
DA:40,16
DA:41,16
DA:42,16
DA:43,16
DA:44,16
DA:45,16
DA:46,16
DA:47,16
DA:48,16
DA:49,16
DA:50,16
DA:51,16
DA:52,16
DA:53,16
DA:54,16
DA:55,16
DA:56,16
DA:57,6
DA:58,6
DA:59,6
DA:60,6
DA:61,6
DA:62,6
DA:63,1
DA:64,1
LF:64
LH:56
BRDA:7,0,0,6
BRDA:11,1,0,0
BRDA:33,2,0,16
BRF:3
BRH:2
end_of_record
TN:
SF:src\components\Specialists\SearchBar.jsx
FN:6,SearchBar
FN:14,handleTermsChange
FN:93,onClick
FNF:3
FNH:1
FNDA:6,SearchBar
FNDA:0,handleTermsChange
FNDA:0,onClick
DA:1,1
DA:2,1
DA:3,1
DA:4,1
DA:5,1
DA:6,1
DA:7,6
DA:8,6
DA:9,6
DA:10,6
DA:11,6
DA:12,6
DA:13,6
DA:14,6
DA:15,0
DA:16,0
DA:17,0
DA:18,0
DA:19,0
DA:20,0
DA:21,0
DA:22,0
DA:23,6
DA:24,6
DA:25,6
DA:26,6
DA:27,6
DA:28,6
DA:29,6
DA:30,6
DA:31,6
DA:32,6
DA:33,6
DA:34,6
DA:35,6
DA:36,6
DA:37,6
DA:38,6
DA:39,6
DA:40,6
DA:41,6
DA:42,6
DA:43,6
DA:44,6
DA:45,6
DA:46,6
DA:47,6
DA:48,6
DA:49,6
DA:50,6
DA:51,6
DA:52,6
DA:53,6
DA:54,6
DA:55,6
DA:56,6
DA:57,6
DA:58,6
DA:59,6
DA:60,6
DA:61,6
DA:62,6
DA:63,18
DA:64,18
DA:65,18
DA:66,6
DA:67,6
DA:68,6
DA:69,6
DA:70,6
DA:71,6
DA:72,6
DA:73,6
DA:74,6
DA:75,6
DA:76,6
DA:77,6
DA:78,6
DA:79,6
DA:80,6
DA:81,6
DA:82,16
DA:83,16
DA:84,16
DA:85,6
DA:86,6
DA:87,6
DA:88,6
DA:89,6
DA:90,6
DA:91,6
DA:92,6
DA:93,6
DA:94,6
DA:95,6
DA:96,6
DA:97,6
DA:98,6
DA:99,6
DA:100,6
DA:101,6
DA:102,1
DA:103,1
LF:103
LH:95
BRDA:6,0,0,6
BRDA:62,1,0,18
BRDA:81,2,0,16
BRF:3
BRH:3
end_of_record
TN:
SF:src\components\Specialties\SpecialtyList.jsx
FN:9,SpecialtyList
FN:28,onClick
FNF:2
FNH:2
FNDA:13,SpecialtyList
FNDA:1,onClick
DA:1,1
DA:2,1
DA:3,1
DA:4,1
DA:5,1
DA:6,1
DA:7,1
DA:8,1
DA:9,1
DA:10,13
DA:11,13
DA:12,13
DA:13,11
DA:14,11
DA:15,11
DA:16,0
DA:17,0
DA:18,0
DA:19,0
DA:20,0
DA:21,13
DA:22,13
DA:23,13
DA:24,13
DA:25,39
DA:26,39
DA:27,39
DA:28,39
DA:29,1
DA:30,1
DA:31,1
DA:32,1
DA:33,1
DA:34,1
DA:35,1
DA:36,1
DA:37,39
DA:38,39
DA:39,39
DA:40,39
DA:41,39
DA:42,39
DA:43,39
DA:44,39
DA:45,39
DA:46,39
DA:47,39
DA:48,39
DA:49,13
DA:50,13
DA:51,13
DA:52,13
DA:53,1
DA:54,1
LF:54
LH:49
BRDA:9,0,0,13
BRDA:12,1,0,11
BRDA:15,2,0,0
BRDA:24,3,0,39
BRDA:28,4,0,1
BRF:5
BRH:4
end_of_record
TN:
SF:src\contexts\AuthContext.jsx
FN:5,AuthProvider
FN:16,useAuth
FNF:2
FNH:1
FNDA:0,AuthProvider
FNDA:120,useAuth
DA:1,1
DA:2,1
DA:3,1
DA:4,1
DA:5,1
DA:6,0
DA:7,0
DA:8,0
DA:9,0
DA:10,0
DA:11,0
DA:12,0
DA:13,0
DA:14,0
DA:15,1
DA:16,120
DA:17,120
DA:18,120
LF:18
LH:9
BRDA:16,0,0,120
BRF:1
BRH:1
end_of_record
TN:
SF:src\guards\RouteGuard.jsx
FN:4,RouteGuard
FNF:1
FNH:1
FNDA:6,RouteGuard
DA:1,1
DA:2,1
DA:3,1
DA:4,1
DA:5,6
DA:6,6
DA:7,6
DA:8,6
DA:9,6
DA:10,0
DA:11,0
DA:12,1
DA:13,1
LF:13
LH:11
BRDA:4,0,0,6
BRDA:9,1,0,0
BRF:2
BRH:1
end_of_record
TN:
SF:src\hooks\useScrollToTop.jsx
FN:4,useScrollToTop
FNF:1
FNH:1
FNDA:19,useScrollToTop
DA:1,1
DA:2,1
DA:3,1
DA:4,1
DA:5,19
DA:6,19
DA:7,19
DA:8,16
DA:9,19
DA:10,19
DA:11,1
DA:12,1
LF:12
LH:12
BRDA:4,0,0,19
BRDA:7,1,0,16
BRF:2
BRH:2
end_of_record
TN:
SF:src\hooks\useWindowResize.jsx
FN:3,useWindowResize
FN:7,updateWindowDimensions
FNF:2
FNH:2
FNDA:32,useWindowResize
FNDA:16,updateWindowDimensions
DA:1,1
DA:2,1
DA:3,1
DA:4,32
DA:5,32
DA:6,32
DA:7,16
DA:8,16
DA:9,16
DA:10,16
DA:11,16
DA:12,16
DA:13,16
DA:14,16
DA:15,16
DA:16,32
DA:17,32
DA:18,32
LF:18
LH:18
BRDA:3,0,0,32
BRDA:6,1,0,16
BRDA:7,2,0,16
BRDA:15,3,0,16
BRF:4
BRH:4
end_of_record
TN:
SF:src\hooks\useWindowScroll.jsx
FN:4,useWindowScroll
FNF:1
FNH:1
FNDA:43,useWindowScroll
DA:1,1
DA:2,1
DA:3,1
DA:4,1
DA:5,43
DA:6,43
DA:7,43
DA:8,43
DA:9,22
DA:10,22
DA:11,22
DA:12,0
DA:13,0
DA:14,22
DA:15,22
DA:16,22
DA:17,22
DA:18,22
DA:19,22
DA:20,22
DA:21,22
DA:22,22
DA:23,43
DA:24,43
DA:25,43
LF:25
LH:23
BRDA:4,0,0,43
BRDA:8,1,0,22
BRDA:9,2,0,22
BRDA:11,3,0,0
BRDA:20,4,0,22
BRF:5
BRH:4
end_of_record
TN:
SF:src\pages\DoctorDetails.jsx
FN:7,DoctorDetails
FN:149,loader
FNF:2
FNH:1
FNDA:2,DoctorDetails
FNDA:0,loader
DA:1,1
DA:2,1
DA:3,1
DA:4,1
DA:5,1
DA:6,1
DA:7,1
DA:8,2
DA:9,2
DA:10,2
DA:11,2
DA:12,2
DA:13,2
DA:14,2
DA:15,2
DA:16,2
DA:17,2
DA:18,2
DA:19,2
DA:20,2
DA:21,2
DA:22,2
DA:23,2
DA:24,2
DA:25,2
DA:26,2
DA:27,2
DA:28,2
DA:29,2
DA:30,2
DA:31,2
DA:32,2
DA:33,2
DA:34,2
DA:35,2
DA:36,2
DA:37,2
DA:38,2
DA:39,2
DA:40,2
DA:41,2
DA:42,2
DA:43,2
DA:44,2
DA:45,2
DA:46,2
DA:47,2
DA:48,2
DA:49,2
DA:50,2
DA:51,2
DA:52,2
DA:53,2
DA:54,2
DA:55,2
DA:56,2
DA:57,2
DA:58,2
DA:59,2
DA:60,2
DA:61,2
DA:62,2
DA:63,2
DA:64,2
DA:65,2
DA:66,2
DA:67,2
DA:68,2
DA:69,2
DA:70,2
DA:71,2
DA:72,2
DA:73,2
DA:74,2
DA:75,2
DA:76,2
DA:77,2
DA:78,2
DA:79,2
DA:80,2
DA:81,2
DA:82,2
DA:83,2
DA:84,2
DA:85,2
DA:86,2
DA:87,2
DA:88,2
DA:89,2
DA:90,2
DA:91,2
DA:92,2
DA:93,2
DA:94,2
DA:95,2
DA:96,2
DA:97,2
DA:98,2
DA:99,2
DA:100,2
DA:101,2
DA:102,2
DA:103,2
DA:104,2
DA:105,2
DA:106,2
DA:107,2
DA:108,2
DA:109,2
DA:110,2
DA:111,2
DA:112,2
DA:113,2
DA:114,2
DA:115,2
DA:116,2
DA:117,2
DA:118,2
DA:119,2
DA:120,2
DA:121,2
DA:122,2
DA:123,2
DA:124,2
DA:125,2
DA:126,2
DA:127,2
DA:128,2
DA:129,2
DA:130,2
DA:131,2
DA:132,2
DA:133,2
DA:134,2
DA:135,2
DA:136,2
DA:137,2
DA:138,2
DA:139,2
DA:140,2
DA:141,2
DA:142,2
DA:143,2
DA:144,2
DA:145,2
DA:146,1
DA:147,1
DA:148,1
DA:149,1
DA:150,0
DA:151,0
DA:152,0
DA:153,0
DA:154,0
DA:155,0
DA:156,0
DA:157,0
DA:158,0
DA:159,0
LF:159
LH:149
BRDA:7,0,0,2
BRF:1
BRH:1
end_of_record
TN:
SF:src\pages\Error.jsx
FN:5,Error
FNF:1
FNH:0
FNDA:0,Error
DA:1,1
DA:2,1
DA:3,1
DA:4,1
DA:5,1
DA:6,0
DA:7,0
DA:8,0
DA:9,0
DA:10,0
DA:11,0
DA:12,0
DA:13,0
DA:14,0
DA:15,0
DA:16,0
DA:17,0
DA:18,0
DA:19,0
DA:20,0
DA:21,0
DA:22,0
DA:23,0
DA:24,0
DA:25,0
DA:26,0
DA:27,0
DA:28,0
DA:29,1
DA:30,1
LF:30
LH:7
BRF:0
BRH:0
end_of_record
TN:
SF:src\pages\Home.jsx
FN:8,Home
FN:35,loader
FNF:2
FNH:1
FNDA:13,Home
FNDA:0,loader
DA:1,1
DA:2,1
DA:3,1
DA:4,1
DA:5,1
DA:6,1
DA:7,1
DA:8,1
DA:9,13
DA:10,13
DA:11,13
DA:12,13
DA:13,13
DA:14,13
DA:15,13
DA:16,13
DA:17,13
DA:18,13
DA:19,13
DA:20,13
DA:21,13
DA:22,13
DA:23,13
DA:24,13
DA:25,13
DA:26,13
DA:27,13
DA:28,13
DA:29,13
DA:30,13
DA:31,13
DA:32,1
DA:33,1
DA:34,1
DA:35,1
DA:36,0
DA:37,0
LF:37
LH:35
BRDA:8,0,0,13
BRF:1
BRH:1
end_of_record
TN:
SF:src\pages\Login.jsx
FN:6,Login
FNF:1
FNH:1
FNDA:6,Login
DA:1,1
DA:2,1
DA:3,1
DA:4,1
DA:5,1
DA:6,1
DA:7,6
DA:8,6
DA:9,6
DA:10,6
DA:11,6
DA:12,6
DA:13,6
DA:14,6
DA:15,6
DA:16,6
DA:17,6
DA:18,6
DA:19,6
DA:20,6
DA:21,6
DA:22,6
DA:23,6
DA:24,6
DA:25,6
DA:26,6
DA:27,6
DA:28,6
DA:29,6
DA:30,6
DA:31,6
DA:32,1
DA:33,1
LF:33
LH:33
BRDA:6,0,0,6
BRDA:9,1,0,6
BRDA:11,2,0,6
BRF:3
BRH:3
end_of_record
TN:
SF:src\pages\Specialists.jsx
FN:12,Specialists
FN:28,handleSearch
FN:58,getSpecialistsSettings
FN:69,loader
FNF:4
FNH:1
FNDA:6,Specialists
FNDA:0,handleSearch
FNDA:0,getSpecialistsSettings
FNDA:0,loader
DA:1,1
DA:2,1
DA:3,1
DA:4,1
DA:5,1
DA:6,1
DA:7,1
DA:8,1
DA:9,1
DA:10,1
DA:11,1
DA:12,1
DA:13,6
DA:14,6
DA:15,6
DA:16,6
DA:17,6
DA:18,6
DA:19,6
DA:20,6
DA:21,6
DA:22,6
DA:23,6
DA:24,6
DA:25,6
DA:26,6
DA:27,6
DA:28,6
DA:29,0
DA:30,0
DA:31,0
DA:32,0
DA:33,0
DA:34,0
DA:35,0
DA:36,6
DA:37,6
DA:38,6
DA:39,6
DA:40,6
DA:41,6
DA:42,6
DA:43,6
DA:44,6
DA:45,6
DA:46,6
DA:47,6
DA:48,6
DA:49,6
DA:50,6
DA:51,6
DA:52,6
DA:53,6
DA:54,6
DA:55,6
DA:56,6
DA:57,1
DA:58,1
DA:59,0
DA:60,0
DA:61,0
DA:62,0
DA:63,0
DA:64,0
DA:65,0
DA:66,0
DA:67,1
DA:68,1
DA:69,1
DA:70,0
DA:71,0
DA:72,0
DA:73,0
DA:74,0
DA:75,0
DA:76,0
DA:77,0
DA:78,0
DA:79,0
DA:80,0
DA:81,0
DA:82,0
DA:83,0
DA:84,0
DA:85,0
DA:86,0
DA:87,0
DA:88,0
DA:89,0
LF:89
LH:54
BRDA:12,0,0,6
BRDA:17,1,0,1
BRDA:21,2,0,1
BRDA:21,3,0,5
BRDA:25,4,0,5
BRF:5
BRH:5
end_of_record
TN:
SF:src\services\city\index.js
FN:5,getAllCities
FN:6,getCity
FN:7,create
FNF:3
FNH:0
FNDA:0,getAllCities
FNDA:0,getCity
FNDA:0,create
DA:1,1
DA:2,1
DA:3,1
DA:4,1
DA:5,1
DA:6,1
DA:7,1
DA:8,1
DA:9,1
DA:10,1
LF:10
LH:10
BRF:0
BRH:0
end_of_record
TN:
SF:src\services\http\index.js
FN:22,call
FNF:1
FNH:1
FNDA:15,call
DA:1,1
DA:2,1
DA:3,1
DA:4,1
DA:5,1
DA:6,1
DA:7,1
DA:8,1
DA:9,1
DA:10,1
DA:11,1
DA:12,1
DA:13,1
DA:14,1
DA:15,1
DA:16,1
DA:17,1
DA:18,1
DA:19,1
DA:20,1
DA:21,1
DA:22,1
DA:23,15
DA:24,0
DA:25,0
DA:26,1
DA:27,1
DA:28,1
DA:29,1
DA:30,1
DA:31,1
DA:32,1
DA:33,1
DA:34,1
DA:35,1
DA:36,1
DA:37,1
DA:38,1
DA:39,1
DA:40,1
DA:41,1
DA:42,1
DA:43,1
LF:43
LH:41
BRDA:22,0,0,15
BRF:1
BRH:1
end_of_record
TN:
SF:src\services\http\url.js
FN:6,listAll
FN:8,create
FN:9,getSingleDoctor
FN:10,updateDoctor
FN:11,deleteDoctor
FN:13,searchBy
FN:25,listAll
FN:26,getCity
FN:27,create
FN:31,listAll
FN:32,create
FN:33,getCountry
FN:34,updateCountry
FN:35,deleteCountry
FNF:14
FNH:0
FNDA:0,listAll
FNDA:0,create
FNDA:0,getSingleDoctor
FNDA:0,updateDoctor
FNDA:0,deleteDoctor
FNDA:0,searchBy
FNDA:0,listAll
FNDA:0,getCity
FNDA:0,create
FNDA:0,listAll
FNDA:0,create
FNDA:0,getCountry
FNDA:0,updateCountry
FNDA:0,deleteCountry
DA:1,1
DA:2,1
DA:3,1
DA:4,1
DA:5,1
DA:6,1
DA:7,1
DA:8,1
DA:9,1
DA:10,1
DA:11,1
DA:12,1
DA:13,1
DA:14,0
DA:15,0
DA:16,0
DA:17,0
DA:18,0
DA:19,0
DA:20,0
DA:21,1
DA:22,1
DA:23,1
DA:24,1
DA:25,1
DA:26,1
DA:27,1
DA:28,1
DA:29,1
DA:30,1
DA:31,1
DA:32,1
DA:33,1
DA:34,1
DA:35,1
DA:36,1
DA:37,1
DA:38,1
DA:39,1
DA:40,1
DA:41,1
DA:42,1
DA:43,1
DA:44,1
DA:45,1
DA:46,1
DA:47,1
DA:48,1
DA:49,1
DA:50,1
LF:50
LH:43
BRF:0
BRH:0
end_of_record
TN:
SF:src\services\specialist\index.js
FN:5,getAll
FN:7,create
FN:8,getDoctorDetails
FN:9,update
FN:10,deleteSpecialist
FN:11,searchDocs
FNF:6
FNH:0
FNDA:0,getAll
FNDA:0,create
FNDA:0,getDoctorDetails
FNDA:0,update
FNDA:0,deleteSpecialist
FNDA:0,searchDocs
DA:1,1
DA:2,1
DA:3,1
DA:4,1
DA:5,1
DA:6,1
DA:7,1
DA:8,1
DA:9,1
DA:10,1
DA:11,1
DA:12,1
DA:13,1
DA:14,1
LF:14
LH:14
BRF:0
BRH:0
end_of_record
TN:
SF:src\services\specialty\index.js
FN:5,getAllSpecialties
FN:6,create
FNF:2
FNH:0
FNDA:0,getAllSpecialties
FNDA:0,create
DA:1,1
DA:2,1
DA:3,1
DA:4,1
DA:5,1
DA:6,1
DA:7,1
DA:8,1
DA:9,1
LF:9
LH:9
BRF:0
BRH:0
end_of_record
